{
  "numFailedTestSuites": 0,
  "numFailedTests": 0,
  "numPassedTestSuites": 13,
  "numPassedTests": 63,
  "numPendingTestSuites": 0,
  "numPendingTests": 0,
  "numRuntimeErrorTestSuites": 0,
  "numTodoTests": 0,
  "numTotalTestSuites": 13,
  "numTotalTests": 63,
  "openHandles": [],
  "snapshot": {
    "added": 0,
    "didUpdate": false,
    "failure": false,
    "filesAdded": 0,
    "filesRemoved": 0,
    "filesRemovedList": [],
    "filesUnmatched": 0,
    "filesUpdated": 0,
    "matched": 0,
    "total": 0,
    "unchecked": 0,
    "uncheckedKeysByFile": [],
    "unmatched": 0,
    "updated": 0
  },
  "startTime": 1754935129155,
  "success": false,
  "testResults": [
    {
      "leaks": false,
      "numFailingTests": 0,
      "numPassingTests": 5,
      "numPendingTests": 0,
      "numTodoTests": 0,
      "openHandles": [],
      "perfStats": {
        "end": 1754935134654,
        "loadTestEnvironmentEnd": 1754935132520,
        "loadTestEnvironmentStart": 1754935129764,
        "runtime": 2132,
        "setupAfterEnvEnd": 1754935133735,
        "setupAfterEnvStart": 1754935133203,
        "setupFilesEnd": 1754935132522,
        "setupFilesStart": 1754935132522,
        "slow": false,
        "start": 1754935132522
      },
      "skipped": false,
      "snapshot": {
        "added": 0,
        "fileDeleted": false,
        "matched": 0,
        "unchecked": 0,
        "uncheckedKeys": [],
        "unmatched": 0,
        "updated": 0
      },
      "testFilePath": "/Users/osman/Desktop/CloudCore_Web/src/features/personel/tests/PersonelAddForm.test.tsx",
      "testResults": [
        {
          "ancestorTitles": [
            "@/features/personel/components/forms/PersonelAddForm"
          ],
          "duration": 158,
          "failing": false,
          "failureDetails": [],
          "failureMessages": [],
          "fullName": "@/features/personel/components/forms/PersonelAddForm form açıldığında initial verilerle doldurulmalı ve clearErrors çağrılmalı",
          "invocations": 1,
          "location": null,
          "numPassingAsserts": 2,
          "retryReasons": [],
          "startAt": 1754935134242,
          "status": "passed",
          "title": "form açıldığında initial verilerle doldurulmalı ve clearErrors çağrılmalı"
        },
        {
          "ancestorTitles": [
            "@/features/personel/components/forms/PersonelAddForm"
          ],
          "duration": 32,
          "failing": false,
          "failureDetails": [],
          "failureMessages": [],
          "fullName": "@/features/personel/components/forms/PersonelAddForm input değiştiğinde formData güncellenmeli",
          "invocations": 1,
          "location": null,
          "numPassingAsserts": 1,
          "retryReasons": [],
          "startAt": 1754935134401,
          "status": "passed",
          "title": "input değiştiğinde formData güncellenmeli"
        },
        {
          "ancestorTitles": [
            "@/features/personel/components/forms/PersonelAddForm"
          ],
          "duration": 57,
          "failing": false,
          "failureDetails": [],
          "failureMessages": [],
          "fullName": "@/features/personel/components/forms/PersonelAddForm Kapat butonuna tıklayınca onClose çalışmalı",
          "invocations": 1,
          "location": null,
          "numPassingAsserts": 1,
          "retryReasons": [],
          "startAt": 1754935134433,
          "status": "passed",
          "title": "Kapat butonuna tıklayınca onClose çalışmalı"
        },
        {
          "ancestorTitles": [
            "@/features/personel/components/forms/PersonelAddForm"
          ],
          "duration": 104,
          "failing": false,
          "failureDetails": [],
          "failureMessages": [],
          "fullName": "@/features/personel/components/forms/PersonelAddForm Oluştur tıklanınca AddPersonel çağrılmalı ve fotoğraf yükleme yapılmalı",
          "invocations": 1,
          "location": null,
          "numPassingAsserts": 5,
          "retryReasons": [],
          "startAt": 1754935134490,
          "status": "passed",
          "title": "Oluştur tıklanınca AddPersonel çağrılmalı ve fotoğraf yükleme yapılmalı"
        },
        {
          "ancestorTitles": [
            "@/features/personel/components/forms/PersonelAddForm"
          ],
          "duration": 57,
          "failing": false,
          "failureDetails": [],
          "failureMessages": [],
          "fullName": "@/features/personel/components/forms/PersonelAddForm Personel ID dönmezse showError çağrılmalı",
          "invocations": 1,
          "location": null,
          "numPassingAsserts": 1,
          "retryReasons": [],
          "startAt": 1754935134595,
          "status": "passed",
          "title": "Personel ID dönmezse showError çağrılmalı"
        }
      ],
      "failureMessage": null
    },
    {
      "leaks": false,
      "numFailingTests": 0,
      "numPassingTests": 2,
      "numPendingTests": 0,
      "numTodoTests": 0,
      "openHandles": [],
      "perfStats": {
        "end": 1754935134675,
        "loadTestEnvironmentEnd": 1754935132347,
        "loadTestEnvironmentStart": 1754935129693,
        "runtime": 2325,
        "setupAfterEnvEnd": 1754935133572,
        "setupAfterEnvStart": 1754935133060,
        "setupFilesEnd": 1754935132350,
        "setupFilesStart": 1754935132350,
        "slow": false,
        "start": 1754935132350
      },
      "skipped": false,
      "snapshot": {
        "added": 0,
        "fileDeleted": false,
        "matched": 0,
        "unchecked": 0,
        "uncheckedKeys": [],
        "unmatched": 0,
        "updated": 0
      },
      "testFilePath": "/Users/osman/Desktop/CloudCore_Web/src/features/auth/tests/SignInForm.test.tsx",
      "testResults": [
        {
          "ancestorTitles": [
            "SignInForm"
          ],
          "duration": 309,
          "failing": false,
          "failureDetails": [],
          "failureMessages": [],
          "fullName": "SignInForm renders form fields",
          "invocations": 1,
          "location": null,
          "numPassingAsserts": 3,
          "retryReasons": [],
          "startAt": 1754935134203,
          "status": "passed",
          "title": "renders form fields"
        },
        {
          "ancestorTitles": [
            "SignInForm"
          ],
          "duration": 161,
          "failing": false,
          "failureDetails": [],
          "failureMessages": [],
          "fullName": "SignInForm submits the form with valid inputs",
          "invocations": 1,
          "location": null,
          "numPassingAsserts": 1,
          "retryReasons": [],
          "startAt": 1754935134512,
          "status": "passed",
          "title": "submits the form with valid inputs"
        }
      ],
      "failureMessage": null
    },
    {
      "leaks": false,
      "numFailingTests": 0,
      "numPassingTests": 1,
      "numPendingTests": 0,
      "numTodoTests": 0,
      "openHandles": [],
      "perfStats": {
        "end": 1754935135014,
        "loadTestEnvironmentEnd": 1754935132315,
        "loadTestEnvironmentStart": 1754935129714,
        "runtime": 2697,
        "setupAfterEnvEnd": 1754935133571,
        "setupAfterEnvStart": 1754935133059,
        "setupFilesEnd": 1754935132317,
        "setupFilesStart": 1754935132317,
        "slow": false,
        "start": 1754935132317
      },
      "skipped": false,
      "snapshot": {
        "added": 0,
        "fileDeleted": false,
        "matched": 0,
        "unchecked": 0,
        "uncheckedKeys": [],
        "unmatched": 0,
        "updated": 0
      },
      "testFilePath": "/Users/osman/Desktop/CloudCore_Web/src/features/customer/corporate/tests/forms/corporateCustomerContactEditForm.test.tsx",
      "testResults": [
        {
          "ancestorTitles": [
            "CorporateCustomerContactEditForm"
          ],
          "duration": 560,
          "failing": false,
          "failureDetails": [],
          "failureMessages": [],
          "fullName": "CorporateCustomerContactEditForm Kaydet butonuna tıklanınca UpdateCorporateCustomer çağrılır ve işlemler yapılır",
          "invocations": 1,
          "location": null,
          "numPassingAsserts": 5,
          "retryReasons": [],
          "startAt": 1754935134452,
          "status": "passed",
          "title": "Kaydet butonuna tıklanınca UpdateCorporateCustomer çağrılır ve işlemler yapılır"
        }
      ],
      "failureMessage": null
    },
    {
      "leaks": false,
      "numFailingTests": 0,
      "numPassingTests": 4,
      "numPendingTests": 0,
      "numTodoTests": 0,
      "openHandles": [],
      "perfStats": {
        "end": 1754935135349,
        "loadTestEnvironmentEnd": 1754935132558,
        "loadTestEnvironmentStart": 1754935129694,
        "runtime": 2789,
        "setupAfterEnvEnd": 1754935133739,
        "setupAfterEnvStart": 1754935133255,
        "setupFilesEnd": 1754935132560,
        "setupFilesStart": 1754935132560,
        "slow": false,
        "start": 1754935132560
      },
      "skipped": false,
      "snapshot": {
        "added": 0,
        "fileDeleted": false,
        "matched": 0,
        "unchecked": 0,
        "uncheckedKeys": [],
        "unmatched": 0,
        "updated": 0
      },
      "testFilePath": "/Users/osman/Desktop/CloudCore_Web/src/features/team/tests/form/teamInfoEditForm.test.tsx",
      "testResults": [
        {
          "ancestorTitles": [
            "TeamInfoEditForm"
          ],
          "duration": 467,
          "failing": false,
          "failureDetails": [],
          "failureMessages": [],
          "fullName": "TeamInfoEditForm Form başlıkları ve mevcut ekip adı render olur",
          "invocations": 1,
          "location": null,
          "numPassingAsserts": 7,
          "retryReasons": [],
          "startAt": 1754935134400,
          "status": "passed",
          "title": "Form başlıkları ve mevcut ekip adı render olur"
        },
        {
          "ancestorTitles": [
            "TeamInfoEditForm"
          ],
          "duration": 216,
          "failing": false,
          "failureDetails": [],
          "failureMessages": [],
          "fullName": "TeamInfoEditForm Switch değiştiğinde setUpdateField çağrılır",
          "invocations": 1,
          "location": null,
          "numPassingAsserts": 1,
          "retryReasons": [],
          "startAt": 1754935134867,
          "status": "passed",
          "title": "Switch değiştiğinde setUpdateField çağrılır"
        },
        {
          "ancestorTitles": [
            "TeamInfoEditForm"
          ],
          "duration": 130,
          "failing": false,
          "failureDetails": [],
          "failureMessages": [],
          "fullName": "TeamInfoEditForm Kapat butonuna tıklanınca onClose çağrılır",
          "invocations": 1,
          "location": null,
          "numPassingAsserts": 1,
          "retryReasons": [],
          "startAt": 1754935135084,
          "status": "passed",
          "title": "Kapat butonuna tıklanınca onClose çağrılır"
        },
        {
          "ancestorTitles": [
            "TeamInfoEditForm"
          ],
          "duration": 134,
          "failing": false,
          "failureDetails": [],
          "failureMessages": [],
          "fullName": "TeamInfoEditForm Kaydet butonuna tıklanınca UpdateTeam çağrılır ve işlemler yapılır",
          "invocations": 1,
          "location": null,
          "numPassingAsserts": 5,
          "retryReasons": [],
          "startAt": 1754935135214,
          "status": "passed",
          "title": "Kaydet butonuna tıklanınca UpdateTeam çağrılır ve işlemler yapılır"
        }
      ],
      "failureMessage": null
    },
    {
      "leaks": false,
      "numFailingTests": 0,
      "numPassingTests": 7,
      "numPendingTests": 0,
      "numTodoTests": 0,
      "openHandles": [],
      "perfStats": {
        "end": 1754935135441,
        "loadTestEnvironmentEnd": 1754935134713,
        "loadTestEnvironmentStart": 1754935134697,
        "runtime": 724,
        "setupAfterEnvEnd": 1754935135163,
        "setupAfterEnvStart": 1754935134897,
        "setupFilesEnd": 1754935134717,
        "setupFilesStart": 1754935134717,
        "slow": false,
        "start": 1754935134717
      },
      "skipped": false,
      "snapshot": {
        "added": 0,
        "fileDeleted": false,
        "matched": 0,
        "unchecked": 0,
        "uncheckedKeys": [],
        "unmatched": 0,
        "updated": 0
      },
      "testFilePath": "/Users/osman/Desktop/CloudCore_Web/src/features/team/tests/teamService.test.ts",
      "testResults": [
        {
          "ancestorTitles": [
            "teamService tests"
          ],
          "duration": 3,
          "failing": false,
          "failureDetails": [],
          "failureMessages": [],
          "fullName": "teamService tests AddTeam should call axiosInstance.post and return response",
          "invocations": 1,
          "location": null,
          "numPassingAsserts": 2,
          "retryReasons": [],
          "startAt": 1754935135433,
          "status": "passed",
          "title": "AddTeam should call axiosInstance.post and return response"
        },
        {
          "ancestorTitles": [
            "teamService tests"
          ],
          "duration": 1,
          "failing": false,
          "failureDetails": [],
          "failureMessages": [],
          "fullName": "teamService tests UpdateTeam should call axiosInstance.put and return response",
          "invocations": 1,
          "location": null,
          "numPassingAsserts": 2,
          "retryReasons": [],
          "startAt": 1754935135436,
          "status": "passed",
          "title": "UpdateTeam should call axiosInstance.put and return response"
        },
        {
          "ancestorTitles": [
            "teamService tests"
          ],
          "duration": 1,
          "failing": false,
          "failureDetails": [],
          "failureMessages": [],
          "fullName": "teamService tests DeleteTeam should call axiosInstance.delete and return data",
          "invocations": 1,
          "location": null,
          "numPassingAsserts": 2,
          "retryReasons": [],
          "startAt": 1754935135437,
          "status": "passed",
          "title": "DeleteTeam should call axiosInstance.delete and return data"
        },
        {
          "ancestorTitles": [
            "teamService tests"
          ],
          "duration": 0,
          "failing": false,
          "failureDetails": [],
          "failureMessages": [],
          "fullName": "teamService tests GetListTeam should call axiosInstance.get and return data",
          "invocations": 1,
          "location": null,
          "numPassingAsserts": 2,
          "retryReasons": [],
          "startAt": 1754935135438,
          "status": "passed",
          "title": "GetListTeam should call axiosInstance.get and return data"
        },
        {
          "ancestorTitles": [
            "teamService tests"
          ],
          "duration": 1,
          "failing": false,
          "failureDetails": [],
          "failureMessages": [],
          "fullName": "teamService tests GetListByDynamicTeam should call axiosInstance.get and return data",
          "invocations": 1,
          "location": null,
          "numPassingAsserts": 2,
          "retryReasons": [],
          "startAt": 1754935135438,
          "status": "passed",
          "title": "GetListByDynamicTeam should call axiosInstance.get and return data"
        },
        {
          "ancestorTitles": [
            "teamService tests"
          ],
          "duration": 1,
          "failing": false,
          "failureDetails": [],
          "failureMessages": [],
          "fullName": "teamService tests GetAllTeam should call axiosInstance.get and return data",
          "invocations": 1,
          "location": null,
          "numPassingAsserts": 2,
          "retryReasons": [],
          "startAt": 1754935135439,
          "status": "passed",
          "title": "GetAllTeam should call axiosInstance.get and return data"
        },
        {
          "ancestorTitles": [
            "teamService tests"
          ],
          "duration": 0,
          "failing": false,
          "failureDetails": [],
          "failureMessages": [],
          "fullName": "teamService tests GetTeamById should call axiosInstance.get and return data",
          "invocations": 1,
          "location": null,
          "numPassingAsserts": 2,
          "retryReasons": [],
          "startAt": 1754935135440,
          "status": "passed",
          "title": "GetTeamById should call axiosInstance.get and return data"
        }
      ],
      "failureMessage": null
    },
    {
      "leaks": false,
      "numFailingTests": 0,
      "numPassingTests": 3,
      "numPendingTests": 0,
      "numTodoTests": 0,
      "openHandles": [],
      "perfStats": {
        "end": 1754935135454,
        "loadTestEnvironmentEnd": 1754935134858,
        "loadTestEnvironmentStart": 1754935134826,
        "runtime": 593,
        "setupAfterEnvEnd": 1754935135098,
        "setupAfterEnvStart": 1754935134914,
        "setupFilesEnd": 1754935134861,
        "setupFilesStart": 1754935134861,
        "slow": false,
        "start": 1754935134861
      },
      "skipped": false,
      "snapshot": {
        "added": 0,
        "fileDeleted": false,
        "matched": 0,
        "unchecked": 0,
        "uncheckedKeys": [],
        "unmatched": 0,
        "updated": 0
      },
      "testFilePath": "/Users/osman/Desktop/CloudCore_Web/src/features/team/tests/indicators/teamStatusIndicator.test.tsx",
      "testResults": [
        {
          "ancestorTitles": [
            "TeamStatusIndicator"
          ],
          "duration": 37,
          "failing": false,
          "failureDetails": [],
          "failureMessages": [],
          "fullName": "TeamStatusIndicator status true ise 'Aktif Ekip' gösterir",
          "invocations": 1,
          "location": null,
          "numPassingAsserts": 1,
          "retryReasons": [],
          "startAt": 1754935135401,
          "status": "passed",
          "title": "status true ise 'Aktif Ekip' gösterir"
        },
        {
          "ancestorTitles": [
            "TeamStatusIndicator"
          ],
          "duration": 11,
          "failing": false,
          "failureDetails": [],
          "failureMessages": [],
          "fullName": "TeamStatusIndicator status false ise 'Pasif Ekip' gösterir",
          "invocations": 1,
          "location": null,
          "numPassingAsserts": 1,
          "retryReasons": [],
          "startAt": 1754935135438,
          "status": "passed",
          "title": "status false ise 'Pasif Ekip' gösterir"
        },
        {
          "ancestorTitles": [
            "TeamStatusIndicator"
          ],
          "duration": 3,
          "failing": false,
          "failureDetails": [],
          "failureMessages": [],
          "fullName": "TeamStatusIndicator status undefined ise boş metin gösterir",
          "invocations": 1,
          "location": null,
          "numPassingAsserts": 1,
          "retryReasons": [],
          "startAt": 1754935135450,
          "status": "passed",
          "title": "status undefined ise boş metin gösterir"
        }
      ],
      "failureMessage": null
    },
    {
      "leaks": false,
      "numFailingTests": 0,
      "numPassingTests": 9,
      "numPendingTests": 0,
      "numTodoTests": 0,
      "openHandles": [],
      "perfStats": {
        "end": 1754935135823,
        "loadTestEnvironmentEnd": 1754935135173,
        "loadTestEnvironmentStart": 1754935135140,
        "runtime": 649,
        "setupAfterEnvEnd": 1754935135563,
        "setupAfterEnvStart": 1754935135328,
        "setupFilesEnd": 1754935135174,
        "setupFilesStart": 1754935135174,
        "slow": false,
        "start": 1754935135174
      },
      "skipped": false,
      "snapshot": {
        "added": 0,
        "fileDeleted": false,
        "matched": 0,
        "unchecked": 0,
        "uncheckedKeys": [],
        "unmatched": 0,
        "updated": 0
      },
      "testFilePath": "/Users/osman/Desktop/CloudCore_Web/src/features/customer/corporate/tests/corporateCustomerStore.test.ts",
      "testResults": [
        {
          "ancestorTitles": [
            "useCorporateCustomerStore tests"
          ],
          "duration": 2,
          "failing": false,
          "failureDetails": [],
          "failureMessages": [],
          "fullName": "useCorporateCustomerStore tests initial state must be null !",
          "invocations": 1,
          "location": null,
          "numPassingAsserts": 3,
          "retryReasons": [],
          "startAt": 1754935135805,
          "status": "passed",
          "title": "initial state must be null !"
        },
        {
          "ancestorTitles": [
            "useCorporateCustomerStore tests"
          ],
          "duration": 0,
          "failing": false,
          "failureDetails": [],
          "failureMessages": [],
          "fullName": "useCorporateCustomerStore tests the value should change when the state is updated",
          "invocations": 1,
          "location": null,
          "numPassingAsserts": 1,
          "retryReasons": [],
          "startAt": 1754935135807,
          "status": "passed",
          "title": "the value should change when the state is updated"
        },
        {
          "ancestorTitles": [
            "useCorporateCustomerStore tests"
          ],
          "duration": 3,
          "failing": false,
          "failureDetails": [],
          "failureMessages": [],
          "fullName": "useCorporateCustomerStore tests When fetchCorporateCustomers is called, state should be set (not DynamicQuery)",
          "invocations": 1,
          "location": null,
          "numPassingAsserts": 3,
          "retryReasons": [],
          "startAt": 1754935135807,
          "status": "passed",
          "title": "When fetchCorporateCustomers is called, state should be set (not DynamicQuery)"
        },
        {
          "ancestorTitles": [
            "useCorporateCustomerStore tests"
          ],
          "duration": 7,
          "failing": false,
          "failureDetails": [],
          "failureMessages": [],
          "fullName": "useCorporateCustomerStore tests When fetchCorporateCustomers is called, state should be set (Dynamic Query)",
          "invocations": 1,
          "location": null,
          "numPassingAsserts": 2,
          "retryReasons": [],
          "startAt": 1754935135810,
          "status": "passed",
          "title": "When fetchCorporateCustomers is called, state should be set (Dynamic Query)"
        },
        {
          "ancestorTitles": [
            "useCorporateCustomerStore tests"
          ],
          "duration": 2,
          "failing": false,
          "failureDetails": [],
          "failureMessages": [],
          "fullName": "useCorporateCustomerStore tests When fetchCorporateCustomer is called, state should be set",
          "invocations": 1,
          "location": null,
          "numPassingAsserts": 3,
          "retryReasons": [],
          "startAt": 1754935135817,
          "status": "passed",
          "title": "When fetchCorporateCustomer is called, state should be set"
        },
        {
          "ancestorTitles": [
            "useCorporateCustomerStore tests"
          ],
          "duration": 1,
          "failing": false,
          "failureDetails": [],
          "failureMessages": [],
          "fullName": "useCorporateCustomerStore tests The state is set when fetchCorporateOptions is called",
          "invocations": 1,
          "location": null,
          "numPassingAsserts": 3,
          "retryReasons": [],
          "startAt": 1754935135819,
          "status": "passed",
          "title": "The state is set when fetchCorporateOptions is called"
        },
        {
          "ancestorTitles": [
            "useCorporateCustomerStore tests"
          ],
          "duration": 1,
          "failing": false,
          "failureDetails": [],
          "failureMessages": [],
          "fullName": "useCorporateCustomerStore tests The state should be updated when setUpdateFormData() runs",
          "invocations": 1,
          "location": null,
          "numPassingAsserts": 1,
          "retryReasons": [],
          "startAt": 1754935135820,
          "status": "passed",
          "title": "The state should be updated when setUpdateFormData() runs"
        },
        {
          "ancestorTitles": [
            "useCorporateCustomerStore tests"
          ],
          "duration": 1,
          "failing": false,
          "failureDetails": [],
          "failureMessages": [],
          "fullName": "useCorporateCustomerStore tests When isDynamic changes, the state should be updated",
          "invocations": 1,
          "location": null,
          "numPassingAsserts": 1,
          "retryReasons": [],
          "startAt": 1754935135821,
          "status": "passed",
          "title": "When isDynamic changes, the state should be updated"
        },
        {
          "ancestorTitles": [
            "useCorporateCustomerStore tests"
          ],
          "duration": 1,
          "failing": false,
          "failureDetails": [],
          "failureMessages": [],
          "fullName": "useCorporateCustomerStore tests When dynamicQuery changes, the state should be updated",
          "invocations": 1,
          "location": null,
          "numPassingAsserts": 1,
          "retryReasons": [],
          "startAt": 1754935135822,
          "status": "passed",
          "title": "When dynamicQuery changes, the state should be updated"
        }
      ],
      "failureMessage": null
    },
    {
      "leaks": false,
      "numFailingTests": 0,
      "numPassingTests": 4,
      "numPendingTests": 0,
      "numTodoTests": 0,
      "openHandles": [],
      "perfStats": {
        "end": 1754935135841,
        "loadTestEnvironmentEnd": 1754935132530,
        "loadTestEnvironmentStart": 1754935129752,
        "runtime": 3303,
        "setupAfterEnvEnd": 1754935133726,
        "setupAfterEnvStart": 1754935133227,
        "setupFilesEnd": 1754935132538,
        "setupFilesStart": 1754935132538,
        "slow": false,
        "start": 1754935132538
      },
      "skipped": false,
      "snapshot": {
        "added": 0,
        "fileDeleted": false,
        "matched": 0,
        "unchecked": 0,
        "uncheckedKeys": [],
        "unmatched": 0,
        "updated": 0
      },
      "testFilePath": "/Users/osman/Desktop/CloudCore_Web/src/features/team/tests/form/teamMembersEditForm.test.tsx",
      "testResults": [
        {
          "ancestorTitles": [
            "TeamMembersEditForm"
          ],
          "duration": 666,
          "failing": false,
          "failureDetails": [],
          "failureMessages": [],
          "fullName": "TeamMembersEditForm Form başlıkları render olur ve select gösterilir",
          "invocations": 1,
          "location": null,
          "numPassingAsserts": 4,
          "retryReasons": [],
          "startAt": 1754935134432,
          "status": "passed",
          "title": "Form başlıkları render olur ve select gösterilir"
        },
        {
          "ancestorTitles": [
            "TeamMembersEditForm"
          ],
          "duration": 543,
          "failing": false,
          "failureDetails": [],
          "failureMessages": [],
          "fullName": "TeamMembersEditForm Select ile personel seçimi değiştirildiğinde setUpdateField çağrılır",
          "invocations": 1,
          "location": null,
          "numPassingAsserts": 1,
          "retryReasons": [],
          "startAt": 1754935135099,
          "status": "passed",
          "title": "Select ile personel seçimi değiştirildiğinde setUpdateField çağrılır"
        },
        {
          "ancestorTitles": [
            "TeamMembersEditForm"
          ],
          "duration": 93,
          "failing": false,
          "failureDetails": [],
          "failureMessages": [],
          "fullName": "TeamMembersEditForm Kapat butonuna tıklanınca onClose çağrılır",
          "invocations": 1,
          "location": null,
          "numPassingAsserts": 1,
          "retryReasons": [],
          "startAt": 1754935135642,
          "status": "passed",
          "title": "Kapat butonuna tıklanınca onClose çağrılır"
        },
        {
          "ancestorTitles": [
            "TeamMembersEditForm"
          ],
          "duration": 105,
          "failing": false,
          "failureDetails": [],
          "failureMessages": [],
          "fullName": "TeamMembersEditForm Kaydet butonuna tıklanınca UpdateTeam çağrılır ve işlemler yapılır",
          "invocations": 1,
          "location": null,
          "numPassingAsserts": 5,
          "retryReasons": [],
          "startAt": 1754935135735,
          "status": "passed",
          "title": "Kaydet butonuna tıklanınca UpdateTeam çağrılır ve işlemler yapılır"
        }
      ],
      "failureMessage": null
    },
    {
      "leaks": false,
      "numFailingTests": 0,
      "numPassingTests": 9,
      "numPendingTests": 0,
      "numTodoTests": 0,
      "openHandles": [],
      "perfStats": {
        "end": 1754935135901,
        "loadTestEnvironmentEnd": 1754935135534,
        "loadTestEnvironmentStart": 1754935135481,
        "runtime": 367,
        "setupAfterEnvEnd": 1754935135792,
        "setupAfterEnvStart": 1754935135626,
        "setupFilesEnd": 1754935135534,
        "setupFilesStart": 1754935135534,
        "slow": false,
        "start": 1754935135534
      },
      "skipped": false,
      "snapshot": {
        "added": 0,
        "fileDeleted": false,
        "matched": 0,
        "unchecked": 0,
        "uncheckedKeys": [],
        "unmatched": 0,
        "updated": 0
      },
      "testFilePath": "/Users/osman/Desktop/CloudCore_Web/src/features/team/tests/teamStore.test.ts",
      "testResults": [
        {
          "ancestorTitles": [
            ""
          ],
          "duration": 9,
          "failing": false,
          "failureDetails": [],
          "failureMessages": [],
          "fullName": " initial state must be null !",
          "invocations": 1,
          "location": null,
          "numPassingAsserts": 3,
          "retryReasons": [],
          "startAt": 1754935135882,
          "status": "passed",
          "title": "initial state must be null !"
        },
        {
          "ancestorTitles": [],
          "duration": 1,
          "failing": false,
          "failureDetails": [],
          "failureMessages": [],
          "fullName": "he value should change when the state is updated",
          "invocations": 1,
          "location": null,
          "numPassingAsserts": 1,
          "retryReasons": [],
          "startAt": 1754935135891,
          "status": "passed",
          "title": "he value should change when the state is updated"
        },
        {
          "ancestorTitles": [],
          "duration": 2,
          "failing": false,
          "failureDetails": [],
          "failureMessages": [],
          "fullName": "When Fetch teams is called, the state is set (not DynamicQuery)",
          "invocations": 1,
          "location": null,
          "numPassingAsserts": 3,
          "retryReasons": [],
          "startAt": 1754935135892,
          "status": "passed",
          "title": "When Fetch teams is called, the state is set (not DynamicQuery)"
        },
        {
          "ancestorTitles": [],
          "duration": 2,
          "failing": false,
          "failureDetails": [],
          "failureMessages": [],
          "fullName": "When Fetch teams is called the state is set (Dynamic Query is true)",
          "invocations": 1,
          "location": null,
          "numPassingAsserts": 2,
          "retryReasons": [],
          "startAt": 1754935135894,
          "status": "passed",
          "title": "When Fetch teams is called the state is set (Dynamic Query is true)"
        },
        {
          "ancestorTitles": [],
          "duration": 1,
          "failing": false,
          "failureDetails": [],
          "failureMessages": [],
          "fullName": "When Fetch team is called the state is set",
          "invocations": 1,
          "location": null,
          "numPassingAsserts": 3,
          "retryReasons": [],
          "startAt": 1754935135896,
          "status": "passed",
          "title": "When Fetch team is called the state is set"
        },
        {
          "ancestorTitles": [],
          "duration": 1,
          "failing": false,
          "failureDetails": [],
          "failureMessages": [],
          "fullName": "The state is set when the fetch get all team is called",
          "invocations": 1,
          "location": null,
          "numPassingAsserts": 3,
          "retryReasons": [],
          "startAt": 1754935135897,
          "status": "passed",
          "title": "The state is set when the fetch get all team is called"
        },
        {
          "ancestorTitles": [],
          "duration": 0,
          "failing": false,
          "failureDetails": [],
          "failureMessages": [],
          "fullName": "The status should be updated when 'setUpdateFormData()' runs",
          "invocations": 1,
          "location": null,
          "numPassingAsserts": 1,
          "retryReasons": [],
          "startAt": 1754935135898,
          "status": "passed",
          "title": "The status should be updated when 'setUpdateFormData()' runs"
        },
        {
          "ancestorTitles": [],
          "duration": 0,
          "failing": false,
          "failureDetails": [],
          "failureMessages": [],
          "fullName": "When isDynamic changes, the state should be updated.",
          "invocations": 1,
          "location": null,
          "numPassingAsserts": 1,
          "retryReasons": [],
          "startAt": 1754935135899,
          "status": "passed",
          "title": "When isDynamic changes, the state should be updated."
        },
        {
          "ancestorTitles": [],
          "duration": 2,
          "failing": false,
          "failureDetails": [],
          "failureMessages": [],
          "fullName": "When the dynamic query parameter changes, the state must be updated.",
          "invocations": 1,
          "location": null,
          "numPassingAsserts": 1,
          "retryReasons": [],
          "startAt": 1754935135899,
          "status": "passed",
          "title": "When the dynamic query parameter changes, the state must be updated."
        }
      ],
      "failureMessage": null
    },
    {
      "leaks": false,
      "numFailingTests": 0,
      "numPassingTests": 3,
      "numPendingTests": 0,
      "numTodoTests": 0,
      "openHandles": [],
      "perfStats": {
        "end": 1754935136001,
        "loadTestEnvironmentEnd": 1754935135432,
        "loadTestEnvironmentStart": 1754935135420,
        "runtime": 569,
        "setupAfterEnvEnd": 1754935135718,
        "setupAfterEnvStart": 1754935135515,
        "setupFilesEnd": 1754935135432,
        "setupFilesStart": 1754935135432,
        "slow": false,
        "start": 1754935135432
      },
      "skipped": false,
      "snapshot": {
        "added": 0,
        "fileDeleted": false,
        "matched": 0,
        "unchecked": 0,
        "uncheckedKeys": [],
        "unmatched": 0,
        "updated": 0
      },
      "testFilePath": "/Users/osman/Desktop/CloudCore_Web/src/features/personel/tests/PersonelCard.test.tsx",
      "testResults": [
        {
          "ancestorTitles": [
            "PersonelCard"
          ],
          "duration": 28,
          "failing": false,
          "failureDetails": [],
          "failureMessages": [],
          "fullName": "PersonelCard spinner görünmeli veri yokken",
          "invocations": 1,
          "location": null,
          "numPassingAsserts": 3,
          "retryReasons": [],
          "startAt": 1754935135907,
          "status": "passed",
          "title": "spinner görünmeli veri yokken"
        },
        {
          "ancestorTitles": [
            "PersonelCard"
          ],
          "duration": 29,
          "failing": false,
          "failureDetails": [],
          "failureMessages": [],
          "fullName": "PersonelCard veri geldiğinde kartlar render edilmeli",
          "invocations": 1,
          "location": null,
          "numPassingAsserts": 4,
          "retryReasons": [],
          "startAt": 1754935135943,
          "status": "passed",
          "title": "veri geldiğinde kartlar render edilmeli"
        },
        {
          "ancestorTitles": [
            "PersonelCard"
          ],
          "duration": 28,
          "failing": false,
          "failureDetails": [],
          "failureMessages": [],
          "fullName": "PersonelCard sekme değişince ilgili içerik görünmeli",
          "invocations": 1,
          "location": null,
          "numPassingAsserts": 1,
          "retryReasons": [],
          "startAt": 1754935135972,
          "status": "passed",
          "title": "sekme değişince ilgili içerik görünmeli"
        }
      ],
      "failureMessage": null
    },
    {
      "leaks": false,
      "numFailingTests": 0,
      "numPassingTests": 7,
      "numPendingTests": 0,
      "numTodoTests": 0,
      "openHandles": [],
      "perfStats": {
        "end": 1754935136026,
        "loadTestEnvironmentEnd": 1754935135513,
        "loadTestEnvironmentStart": 1754935135503,
        "runtime": 513,
        "setupAfterEnvEnd": 1754935135754,
        "setupAfterEnvStart": 1754935135615,
        "setupFilesEnd": 1754935135513,
        "setupFilesStart": 1754935135513,
        "slow": false,
        "start": 1754935135513
      },
      "skipped": false,
      "snapshot": {
        "added": 0,
        "fileDeleted": false,
        "matched": 0,
        "unchecked": 0,
        "uncheckedKeys": [],
        "unmatched": 0,
        "updated": 0
      },
      "testFilePath": "/Users/osman/Desktop/CloudCore_Web/src/features/customer/corporate/tests/corporateCustomerService.test.ts",
      "testResults": [
        {
          "ancestorTitles": [
            "corporateCustomerService tests"
          ],
          "duration": 15,
          "failing": false,
          "failureDetails": [],
          "failureMessages": [],
          "fullName": "corporateCustomerService tests AddCorporateCustomer should call axiosInstance.post and return response",
          "invocations": 1,
          "location": null,
          "numPassingAsserts": 2,
          "retryReasons": [],
          "startAt": 1754935135982,
          "status": "passed",
          "title": "AddCorporateCustomer should call axiosInstance.post and return response"
        },
        {
          "ancestorTitles": [
            "corporateCustomerService tests"
          ],
          "duration": 2,
          "failing": false,
          "failureDetails": [],
          "failureMessages": [],
          "fullName": "corporateCustomerService tests UpdateCorporateCustomer should call axiosInstance.put and return response",
          "invocations": 1,
          "location": null,
          "numPassingAsserts": 2,
          "retryReasons": [],
          "startAt": 1754935135998,
          "status": "passed",
          "title": "UpdateCorporateCustomer should call axiosInstance.put and return response"
        },
        {
          "ancestorTitles": [
            "corporateCustomerService tests"
          ],
          "duration": 4,
          "failing": false,
          "failureDetails": [],
          "failureMessages": [],
          "fullName": "corporateCustomerService tests DeleteCorporateCustomer should call axiosInstance.delete and return data",
          "invocations": 1,
          "location": null,
          "numPassingAsserts": 2,
          "retryReasons": [],
          "startAt": 1754935136000,
          "status": "passed",
          "title": "DeleteCorporateCustomer should call axiosInstance.delete and return data"
        },
        {
          "ancestorTitles": [
            "corporateCustomerService tests"
          ],
          "duration": 1,
          "failing": false,
          "failureDetails": [],
          "failureMessages": [],
          "fullName": "corporateCustomerService tests GetListCorporateCustomer should call axiosInstance.get and return data",
          "invocations": 1,
          "location": null,
          "numPassingAsserts": 2,
          "retryReasons": [],
          "startAt": 1754935136004,
          "status": "passed",
          "title": "GetListCorporateCustomer should call axiosInstance.get and return data"
        },
        {
          "ancestorTitles": [
            "corporateCustomerService tests"
          ],
          "duration": 1,
          "failing": false,
          "failureDetails": [],
          "failureMessages": [],
          "fullName": "corporateCustomerService tests GetListByDynamicCorporateCustomer should call axiosInstance.post and return data",
          "invocations": 1,
          "location": null,
          "numPassingAsserts": 2,
          "retryReasons": [],
          "startAt": 1754935136005,
          "status": "passed",
          "title": "GetListByDynamicCorporateCustomer should call axiosInstance.post and return data"
        },
        {
          "ancestorTitles": [
            "corporateCustomerService tests"
          ],
          "duration": 1,
          "failing": false,
          "failureDetails": [],
          "failureMessages": [],
          "fullName": "corporateCustomerService tests GetAllCorporateCustomers should call axiosInstance.get and return data",
          "invocations": 1,
          "location": null,
          "numPassingAsserts": 2,
          "retryReasons": [],
          "startAt": 1754935136006,
          "status": "passed",
          "title": "GetAllCorporateCustomers should call axiosInstance.get and return data"
        },
        {
          "ancestorTitles": [
            "corporateCustomerService tests"
          ],
          "duration": 1,
          "failing": false,
          "failureDetails": [],
          "failureMessages": [],
          "fullName": "corporateCustomerService tests GetByIdCorporateCustomer should call axiosInstance.get and return data",
          "invocations": 1,
          "location": null,
          "numPassingAsserts": 2,
          "retryReasons": [],
          "startAt": 1754935136007,
          "status": "passed",
          "title": "GetByIdCorporateCustomer should call axiosInstance.get and return data"
        }
      ],
      "failureMessage": null
    },
    {
      "leaks": false,
      "numFailingTests": 0,
      "numPassingTests": 5,
      "numPendingTests": 0,
      "numTodoTests": 0,
      "openHandles": [],
      "perfStats": {
        "end": 1754935136595,
        "loadTestEnvironmentEnd": 1754935132482,
        "loadTestEnvironmentStart": 1754935129715,
        "runtime": 4111,
        "setupAfterEnvEnd": 1754935133712,
        "setupAfterEnvStart": 1754935133185,
        "setupFilesEnd": 1754935132484,
        "setupFilesStart": 1754935132484,
        "slow": false,
        "start": 1754935132484
      },
      "skipped": false,
      "snapshot": {
        "added": 0,
        "fileDeleted": false,
        "matched": 0,
        "unchecked": 0,
        "uncheckedKeys": [],
        "unmatched": 0,
        "updated": 0
      },
      "testFilePath": "/Users/osman/Desktop/CloudCore_Web/src/features/team/tests/form/teamAddForm.test.tsx",
      "testResults": [
        {
          "ancestorTitles": [
            "TeamAddForm"
          ],
          "duration": 302,
          "failing": false,
          "failureDetails": [],
          "failureMessages": [],
          "fullName": "TeamAddForm Form başlıkları ve inputlar render olur",
          "invocations": 1,
          "location": null,
          "numPassingAsserts": 3,
          "retryReasons": [],
          "startAt": 1754935134437,
          "status": "passed",
          "title": "Form başlıkları ve inputlar render olur"
        },
        {
          "ancestorTitles": [
            "TeamAddForm"
          ],
          "duration": 861,
          "failing": false,
          "failureDetails": [],
          "failureMessages": [],
          "fullName": "TeamAddForm Ekip Adı inputuna yazılabilir",
          "invocations": 1,
          "location": null,
          "numPassingAsserts": 1,
          "retryReasons": [],
          "startAt": 1754935134740,
          "status": "passed",
          "title": "Ekip Adı inputuna yazılabilir"
        },
        {
          "ancestorTitles": [
            "TeamAddForm"
          ],
          "duration": 532,
          "failing": false,
          "failureDetails": [],
          "failureMessages": [],
          "fullName": "TeamAddForm Select bileşeninden çoklu seçim yapılabilir",
          "invocations": 1,
          "location": null,
          "numPassingAsserts": 2,
          "retryReasons": [],
          "startAt": 1754935135601,
          "status": "passed",
          "title": "Select bileşeninden çoklu seçim yapılabilir"
        },
        {
          "ancestorTitles": [
            "TeamAddForm"
          ],
          "duration": 44,
          "failing": false,
          "failureDetails": [],
          "failureMessages": [],
          "fullName": "TeamAddForm Kapat butonuna tıklanınca onClose çağrılır",
          "invocations": 1,
          "location": null,
          "numPassingAsserts": 1,
          "retryReasons": [],
          "startAt": 1754935136133,
          "status": "passed",
          "title": "Kapat butonuna tıklanınca onClose çağrılır"
        },
        {
          "ancestorTitles": [
            "TeamAddForm"
          ],
          "duration": 416,
          "failing": false,
          "failureDetails": [],
          "failureMessages": [],
          "fullName": "TeamAddForm Oluştur butonuna tıklanınca AddTeam çağrılır ve işlemler yapılır (personel seçimi dahil)",
          "invocations": 1,
          "location": null,
          "numPassingAsserts": 5,
          "retryReasons": [],
          "startAt": 1754935136177,
          "status": "passed",
          "title": "Oluştur butonuna tıklanınca AddTeam çağrılır ve işlemler yapılır (personel seçimi dahil)"
        }
      ],
      "failureMessage": null
    },
    {
      "leaks": false,
      "numFailingTests": 0,
      "numPassingTests": 4,
      "numPendingTests": 0,
      "numTodoTests": 0,
      "openHandles": [],
      "perfStats": {
        "end": 1754935136882,
        "loadTestEnvironmentEnd": 1754935132500,
        "loadTestEnvironmentStart": 1754935129714,
        "runtime": 4380,
        "setupAfterEnvEnd": 1754935133742,
        "setupAfterEnvStart": 1754935133207,
        "setupFilesEnd": 1754935132502,
        "setupFilesStart": 1754935132502,
        "slow": false,
        "start": 1754935132502
      },
      "skipped": false,
      "snapshot": {
        "added": 0,
        "fileDeleted": false,
        "matched": 0,
        "unchecked": 0,
        "uncheckedKeys": [],
        "unmatched": 0,
        "updated": 0
      },
      "testFilePath": "/Users/osman/Desktop/CloudCore_Web/src/features/customer/corporate/tests/forms/corporateCustomerAddForm.test.tsx",
      "testResults": [
        {
          "ancestorTitles": [
            "CorporateCustomerAddForm"
          ],
          "duration": 270,
          "failing": false,
          "failureDetails": [],
          "failureMessages": [],
          "fullName": "CorporateCustomerAddForm Form başlıkları ve inputlar render olur",
          "invocations": 1,
          "location": null,
          "numPassingAsserts": 8,
          "retryReasons": [],
          "startAt": 1754935134396,
          "status": "passed",
          "title": "Form başlıkları ve inputlar render olur"
        },
        {
          "ancestorTitles": [
            "CorporateCustomerAddForm"
          ],
          "duration": 1585,
          "failing": false,
          "failureDetails": [],
          "failureMessages": [],
          "fullName": "CorporateCustomerAddForm Inputlara yazılabilir",
          "invocations": 1,
          "location": null,
          "numPassingAsserts": 5,
          "retryReasons": [],
          "startAt": 1754935134666,
          "status": "passed",
          "title": "Inputlara yazılabilir"
        },
        {
          "ancestorTitles": [
            "CorporateCustomerAddForm"
          ],
          "duration": 604,
          "failing": false,
          "failureDetails": [],
          "failureMessages": [],
          "fullName": "CorporateCustomerAddForm Oluştur butonuna tıklanınca AddCorporateCustomer çağrılır ve işlemler yapılır",
          "invocations": 1,
          "location": null,
          "numPassingAsserts": 3,
          "retryReasons": [],
          "startAt": 1754935136251,
          "status": "passed",
          "title": "Oluştur butonuna tıklanınca AddCorporateCustomer çağrılır ve işlemler yapılır"
        },
        {
          "ancestorTitles": [
            "CorporateCustomerAddForm"
          ],
          "duration": 25,
          "failing": false,
          "failureDetails": [],
          "failureMessages": [],
          "fullName": "CorporateCustomerAddForm Kapat butonuna tıklanınca onClose çağrılır",
          "invocations": 1,
          "location": null,
          "numPassingAsserts": 1,
          "retryReasons": [],
          "startAt": 1754935136855,
          "status": "passed",
          "title": "Kapat butonuna tıklanınca onClose çağrılır"
        }
      ],
      "failureMessage": null
    }
  ],
  "wasInterrupted": false
}